# JRE version: OpenJDK Runtime Environment (8.0_112-b06) (build 1.8.0_112-release-b06)
# Java VM: OpenJDK 64-Bit Server VM (25.112-b06 mixed mode linux-amd64 compressed oops)
Heap:
 PSYoungGen      total 388608K, used 10301K [0x00000000e0000000, 0x0000000100000000, 0x0000000100000000)
  eden space 256000K, 0% used [0x00000000e0000000,0x00000000e0000000,0x00000000efa00000)
  from space 132608K, 7% used [0x00000000f7e80000,0x00000000f888f718,0x0000000100000000)
  to   space 134144K, 0% used [0x00000000efa00000,0x00000000efa00000,0x00000000f7d00000)
 ParOldGen       total 730112K, used 729980K [0x00000000a0000000, 0x00000000cc900000, 0x00000000e0000000)
  object space 730112K, 99% used [0x00000000a0000000,0x00000000cc8df040,0x00000000cc900000)
 Metaspace       used 119654K, capacity 124356K, committed 124800K, reserved 1159168K
  class space    used 15197K, capacity 15905K, committed 16000K, reserved 1048576K
GC Heap History (10 events):
Event: 7777.402 GC heap after
Heap after GC invocations=30 (full 6):
 PSYoungGen      total 384512K, used 10176K [0x00000000e0000000, 0x0000000100000000, 0x0000000100000000)
  eden space 255488K, 0% used [0x00000000e0000000,0x00000000e0000000,0x00000000ef980000)
  from space 129024K, 7% used [0x00000000f7700000,0x00000000f80f0140,0x00000000ff500000)
  to   space 128512K, 0% used [0x00000000ef980000,0x00000000ef980000,0x00000000f7700000)
 ParOldGen       total 730112K, used 487415K [0x00000000a0000000, 0x00000000cc900000, 0x00000000e0000000)
  object space 730112K, 66% used [0x00000000a0000000,0x00000000bdbfdd70,0x00000000cc900000)
 Metaspace       used 103128K, capacity 107172K, committed 107520K, reserved 1142784K
  class space    used 13060K, capacity 13695K, committed 13824K, reserved 1048576K
}
Event: 7816.049 GC heap before
{Heap before GC invocations=31 (full 6):
 PSYoungGen      total 384512K, used 265664K [0x00000000e0000000, 0x0000000100000000, 0x0000000100000000)
  eden space 255488K, 100% used [0x00000000e0000000,0x00000000ef980000,0x00000000ef980000)
  from space 129024K, 7% used [0x00000000f7700000,0x00000000f80f0140,0x00000000ff500000)
  to   space 128512K, 0% used [0x00000000ef980000,0x00000000ef980000,0x00000000f7700000)
 ParOldGen       total 730112K, used 487415K [0x00000000a0000000, 0x00000000cc900000, 0x00000000e0000000)
  object space 730112K, 66% used [0x00000000a0000000,0x00000000bdbfdd70,0x00000000cc900000)
 Metaspace       used 107381K, capacity 111752K, committed 112000K, reserved 1146880K
  class space    used 13617K, capacity 14305K, committed 14464K, reserved 1048576K
Event: 7816.108 GC heap after
Heap after GC invocations=31 (full 6):
 PSYoungGen      total 384000K, used 67656K [0x00000000e0000000, 0x00000000ffe80000, 0x0000000100000000)
  eden space 255488K, 0% used [0x00000000e0000000,0x00000000e0000000,0x00000000ef980000)
  from space 128512K, 52% used [0x00000000ef980000,0x00000000f3b921d8,0x00000000f7700000)
  to   space 128000K, 0% used [0x00000000f8180000,0x00000000f8180000,0x00000000ffe80000)
 ParOldGen       total 730112K, used 493229K [0x00000000a0000000, 0x00000000cc900000, 0x00000000e0000000)
  object space 730112K, 67% used [0x00000000a0000000,0x00000000be1ab518,0x00000000cc900000)
 Metaspace       used 107381K, capacity 111752K, committed 112000K, reserved 1146880K
  class space    used 13617K, capacity 14305K, committed 14464K, reserved 1048576K
}
Event: 8493.415 GC heap before
{Heap before GC invocations=32 (full 6):
 PSYoungGen      total 384000K, used 323144K [0x00000000e0000000, 0x00000000ffe80000, 0x0000000100000000)
  eden space 255488K, 100% used [0x00000000e0000000,0x00000000ef980000,0x00000000ef980000)
  from space 128512K, 52% used [0x00000000ef980000,0x00000000f3b921d8,0x00000000f7700000)
  to   space 128000K, 0% used [0x00000000f8180000,0x00000000f8180000,0x00000000ffe80000)
 ParOldGen       total 730112K, used 493229K [0x00000000a0000000, 0x00000000cc900000, 0x00000000e0000000)
  object space 730112K, 67% used [0x00000000a0000000,0x00000000be1ab518,0x00000000cc900000)
 Metaspace       used 111556K, capacity 116094K, committed 116352K, reserved 1150976K
  class space    used 14157K, capacity 14860K, committed 14976K, reserved 1048576K
Event: 8493.604 GC heap after
Heap after GC invocations=32 (full 6):
 PSYoungGen      total 390144K, used 78777K [0x00000000e0000000, 0x0000000100000000, 0x0000000100000000)
  eden space 262144K, 0% used [0x00000000e0000000,0x00000000e0000000,0x00000000f0000000)
  from space 128000K, 61% used [0x00000000f8180000,0x00000000fce6e548,0x00000000ffe80000)
  to   space 131072K, 0% used [0x00000000f0000000,0x00000000f0000000,0x00000000f8000000)
 ParOldGen       total 730112K, used 549556K [0x00000000a0000000, 0x00000000cc900000, 0x00000000e0000000)
  object space 730112K, 75% used [0x00000000a0000000,0x00000000c18ad388,0x00000000cc900000)
 Metaspace       used 111556K, capacity 116094K, committed 116352K, reserved 1150976K
  class space    used 14157K, capacity 14860K, committed 14976K, reserved 1048576K
}
Event: 8523.829 GC heap before
{Heap before GC invocations=33 (full 6):
 PSYoungGen      total 390144K, used 340921K [0x00000000e0000000, 0x0000000100000000, 0x0000000100000000)
  eden space 262144K, 100% used [0x00000000e0000000,0x00000000f0000000,0x00000000f0000000)
  from space 128000K, 61% used [0x00000000f8180000,0x00000000fce6e548,0x00000000ffe80000)
  to   space 131072K, 0% used [0x00000000f0000000,0x00000000f0000000,0x00000000f8000000)
 ParOldGen       total 730112K, used 549556K [0x00000000a0000000, 0x00000000cc900000, 0x00000000e0000000)
  object space 730112K, 75% used [0x00000000a0000000,0x00000000c18ad388,0x00000000cc900000)
 Metaspace       used 115728K, capacity 120468K, committed 120704K, reserved 1155072K
  class space    used 14694K, capacity 15409K, committed 15488K, reserved 1048576K
Event: 8523.985 GC heap after
Heap after GC invocations=33 (full 6):
 PSYoungGen      total 340480K, used 77895K [0x00000000e0000000, 0x0000000100000000, 0x0000000100000000)
  eden space 262144K, 0% used [0x00000000e0000000,0x00000000e0000000,0x00000000f0000000)
  from space 78336K, 99% used [0x00000000f0000000,0x00000000f4c11c78,0x00000000f4c80000)
  to   space 132608K, 0% used [0x00000000f7e80000,0x00000000f7e80000,0x0000000100000000)
 ParOldGen       total 730112K, used 621557K [0x00000000a0000000, 0x00000000cc900000, 0x00000000e0000000)
  object space 730112K, 85% used [0x00000000a0000000,0x00000000c5efd6a0,0x00000000cc900000)
 Metaspace       used 115728K, capacity 120468K, committed 120704K, reserved 1155072K
  class space    used 14694K, capacity 15409K, committed 15488K, reserved 1048576K
}
Event: 8533.835 GC heap before
{Heap before GC invocations=34 (full 6):
 PSYoungGen      total 340480K, used 339742K [0x00000000e0000000, 0x0000000100000000, 0x0000000100000000)
  eden space 262144K, 99% used [0x00000000e0000000,0x00000000effb5ba8,0x00000000f0000000)
  from space 78336K, 99% used [0x00000000f0000000,0x00000000f4c11c78,0x00000000f4c80000)
  to   space 132608K, 0% used [0x00000000f7e80000,0x00000000f7e80000,0x0000000100000000)
 ParOldGen       total 730112K, used 621557K [0x00000000a0000000, 0x00000000cc900000, 0x00000000e0000000)
  object space 730112K, 85% used [0x00000000a0000000,0x00000000c5efd6a0,0x00000000cc900000)
 Metaspace       used 119833K, capacity 124644K, committed 124800K, reserved 1159168K
  class space    used 15223K, capacity 15953K, committed 16000K, reserved 1048576K
Event: 8533.967 GC heap after
Heap after GC invocations=34 (full 6):
 PSYoungGen      total 388608K, used 80169K [0x00000000e0000000, 0x0000000100000000, 0x0000000100000000)
  eden space 256000K, 0% used [0x00000000e0000000,0x00000000e0000000,0x00000000efa00000)
  from space 132608K, 60% used [0x00000000f7e80000,0x00000000fccca508,0x0000000100000000)
  to   space 134144K, 0% used [0x00000000efa00000,0x00000000efa00000,0x00000000f7d00000)
 ParOldGen       total 730112K, used 694151K [0x00000000a0000000, 0x00000000cc900000, 0x00000000e0000000)
  object space 730112K, 95% used [0x00000000a0000000,0x00000000ca5e1c58,0x00000000cc900000)
 Metaspace       used 119833K, capacity 124644K, committed 124800K, reserved 1159168K
  class space    used 15223K, capacity 15953K, committed 16000K, reserved 1048576K
}
Event: 8533.984 GC heap before
{Heap before GC invocations=35 (full 7):
 PSYoungGen      total 388608K, used 80169K [0x00000000e0000000, 0x0000000100000000, 0x0000000100000000)
  eden space 256000K, 0% used [0x00000000e0000000,0x00000000e0000000,0x00000000efa00000)
  from space 132608K, 60% used [0x00000000f7e80000,0x00000000fccca508,0x0000000100000000)
  to   space 134144K, 0% used [0x00000000efa00000,0x00000000efa00000,0x00000000f7d00000)
 ParOldGen       total 730112K, used 694151K [0x00000000a0000000, 0x00000000cc900000, 0x00000000e0000000)
  object space 730112K, 95% used [0x00000000a0000000,0x00000000ca5e1c58,0x00000000cc900000)
 Metaspace       used 119833K, capacity 124644K, committed 124800K, reserved 1159168K
  class space    used 15223K, capacity 15953K, committed 16000K, reserved 1048576K

